c:\users\haim\source\repos\mm-c-lang\mm-c-lang\x64\debug\vc143.pdb
c:\users\haim\source\repos\mm-c-lang\mm-c-lang\x64\debug\vc143.idb
c:\users\haim\source\repos\mm-c-lang\mm-c-lang\x64\debug\week2_1.obj
c:\users\haim\source\repos\mm-c-lang\mm-c-lang\x64\debug\mm-c-lang.obj
c:\users\haim\source\repos\mm-c-lang\mm-c-lang\x64\debug\week2_1_logical.obj
c:\users\haim\source\repos\mm-c-lang\mm-c-lang\x64\debug\week2_1_printbitmask.obj
c:\users\haim\source\repos\mm-c-lang\mm-c-lang\x64\debug\week2_1_typecast.obj
c:\users\haim\source\repos\mm-c-lang\mm-c-lang\x64\debug\week2_1_pointer.obj
c:\users\haim\source\repos\mm-c-lang\mm-c-lang\x64\debug\week2_2_homework.obj
c:\users\haim\source\repos\mm-c-lang\x64\debug\mm-c-lang.exe
c:\users\haim\source\repos\mm-c-lang\mm-c-lang\x64\debug\mm-c-lang.ilk
c:\users\haim\source\repos\mm-c-lang\x64\debug\mm-c-lang.pdb
c:\users\haim\source\repos\mm-c-lang\mm-c-lang\x64\debug\mm-c-lang.tlog\cl.command.1.tlog
c:\users\haim\source\repos\mm-c-lang\mm-c-lang\x64\debug\mm-c-lang.tlog\cl.read.1.tlog
c:\users\haim\source\repos\mm-c-lang\mm-c-lang\x64\debug\mm-c-lang.tlog\cl.write.1.tlog
c:\users\haim\source\repos\mm-c-lang\mm-c-lang\x64\debug\mm-c-lang.tlog\link.20856-cvtres.read.1.tlog
c:\users\haim\source\repos\mm-c-lang\mm-c-lang\x64\debug\mm-c-lang.tlog\link.20856-cvtres.write.1.tlog
c:\users\haim\source\repos\mm-c-lang\mm-c-lang\x64\debug\mm-c-lang.tlog\link.20856-rc.read.1.tlog
c:\users\haim\source\repos\mm-c-lang\mm-c-lang\x64\debug\mm-c-lang.tlog\link.20856-rc.write.1.tlog
c:\users\haim\source\repos\mm-c-lang\mm-c-lang\x64\debug\mm-c-lang.tlog\link.20856.read.1.tlog
c:\users\haim\source\repos\mm-c-lang\mm-c-lang\x64\debug\mm-c-lang.tlog\link.20856.read.2.tlog
c:\users\haim\source\repos\mm-c-lang\mm-c-lang\x64\debug\mm-c-lang.tlog\link.20856.write.1.tlog
c:\users\haim\source\repos\mm-c-lang\mm-c-lang\x64\debug\mm-c-lang.tlog\link.command.1.tlog
c:\users\haim\source\repos\mm-c-lang\mm-c-lang\x64\debug\mm-c-lang.tlog\link.read.1.tlog
c:\users\haim\source\repos\mm-c-lang\mm-c-lang\x64\debug\mm-c-lang.tlog\link.write.1.tlog
